<?xml version="1.0" encoding="UTF-8"?>
<!-- Generated by org.testng.reporters.JUnitReportReporter -->
<testsuite skipped="0" hostname="LAPTOP-B4TOOHQF" name="testngprac.Asserttest" tests="1" failures="0" timestamp="15 Jan 2019 22:03:41 GMT" time="0.002" errors="0">
  <testcase name="createtest" time="0.002" classname="testngprac.Asserttest"/>
</testsuite> <!-- testngprac.Asserttest -->
