<?xml version="1.0" encoding="UTF-8"?>
<!-- Generated by org.testng.reporters.JUnitReportReporter -->
<testsuite skipped="0" hostname="LAPTOP-B4TOOHQF" name="testngprac.DemoC" tests="1" failures="0" timestamp="15 Jan 2019 18:38:27 GMT" time="0.007" errors="0">
  <testcase name="createadmin" time="0.007" classname="testngprac.DemoC"/>
</testsuite> <!-- testngprac.DemoC -->
