<?xml version="1.0" encoding="UTF-8"?>
<!-- Generated by org.testng.reporters.JUnitReportReporter -->
<testsuite skipped="0" hostname="LAPTOP-B4TOOHQF" name="Perkbox.Login001" tests="2" failures="0" timestamp="15 Jan 2019 23:17:16 GMT" time="65.243" errors="0">
  <testcase name="samp" time="26.131" classname="Perkbox.Login001"/>
  <testcase name="samp" time="39.112" classname="Perkbox.Login001"/>
</testsuite> <!-- Perkbox.Login001 -->
