<?xml version="1.0" encoding="UTF-8"?>
<!-- Generated by org.testng.reporters.JUnitReportReporter -->
<testsuite skipped="0" hostname="LAPTOP-B4TOOHQF" name="testngprac.Ignoretest" tests="1" failures="0" timestamp="07 Oct 2018 17:25:20 GMT" time="0.000" errors="0">
  <testcase name="disp" time="0.000" classname="testngprac.Ignoretest"/>
</testsuite> <!-- testngprac.Ignoretest -->
