<?xml version="1.0" encoding="UTF-8"?>
<!-- Generated by org.testng.reporters.JUnitReportReporter -->
<testsuite skipped="0" hostname="LAPTOP-B4TOOHQF" name="generic.Base" tests="1" failures="0" timestamp="16 Jan 2019 18:14:12 GMT" time="30.147" errors="0">
  <testcase name="openurl" time="30.147" classname="generic.Base"/>
</testsuite> <!-- generic.Base -->
