<?xml version="1.0" encoding="UTF-8"?>
<!-- Generated by org.testng.reporters.JUnitReportReporter -->
<testsuite skipped="0" hostname="LAPTOP-B4TOOHQF" name="scripts.InvalidLogin" tests="2" failures="0" timestamp="19 Jan 2019 16:59:45 GMT" time="19.217" errors="0">
  <testcase name="testvalidlogin" time="5.322" classname="scripts.InvalidLogin"/>
  <testcase name="openurl" time="13.895" classname="scripts.InvalidLogin"/>
</testsuite> <!-- scripts.InvalidLogin -->
