<?xml version="1.0" encoding="UTF-8"?>
<!-- Generated by org.testng.reporters.JUnitReportReporter -->
<testsuite skipped="0" hostname="LAPTOP-B4TOOHQF" name="testngprac.DemoF" tests="1" failures="0" timestamp="07 Oct 2018 16:53:41 GMT" time="0.031" errors="0">
  <testcase name="deletetest" time="0.031" classname="testngprac.DemoF"/>
</testsuite> <!-- testngprac.DemoF -->
