<?xml version="1.0" encoding="UTF-8"?>
<!-- Generated by org.testng.reporters.JUnitReportReporter -->
<testsuite skipped="0" hostname="LAPTOP-B4TOOHQF" name="testngprac.DemoD" tests="1" failures="0" timestamp="07 Oct 2018 16:52:32 GMT" time="0.020" errors="0">
  <testcase name="createtest" time="0.020" classname="testngprac.DemoD"/>
</testsuite> <!-- testngprac.DemoD -->
