<?xml version="1.0" encoding="UTF-8"?>
<!-- Generated by org.testng.reporters.JUnitReportReporter -->
<testsuite skipped="0" hostname="LAPTOP-B4TOOHQF" name="scripts.Validlogin" tests="2" failures="0" timestamp="19 Jan 2019 16:59:45 GMT" time="73.199" errors="0">
  <testcase name="testvalidlogin" time="16.574" classname="scripts.Validlogin"/>
  <testcase name="openurl" time="56.625" classname="scripts.Validlogin"/>
</testsuite> <!-- scripts.Validlogin -->
