<?xml version="1.0" encoding="UTF-8"?>
<!-- Generated by org.testng.reporters.JUnitReportReporter -->
<testsuite skipped="0" hostname="LAPTOP-B4TOOHQF" name="testngprac.DemoA" tests="2" failures="0" timestamp="15 Jan 2019 18:38:27 GMT" time="0.013" errors="0">
  <testcase name="deleteuser" time="0.006" classname="testngprac.DemoA"/>
  <testcase name="createuser" time="0.007" classname="testngprac.DemoA"/>
</testsuite> <!-- testngprac.DemoA -->
