<?xml version="1.0" encoding="UTF-8"?>
<!-- Generated by org.testng.reporters.JUnitReportReporter -->
<testsuite skipped="0" hostname="LAPTOP-B4TOOHQF" name="testngprac.DemoE" tests="1" failures="0" timestamp="07 Oct 2018 16:52:32 GMT" time="0.004" errors="0">
  <testcase name="updatetest" time="0.004" classname="testngprac.DemoE"/>
</testsuite> <!-- testngprac.DemoE -->
